DEBUG	prepend_op_id: Renamed to "post_tasks_scheduled_schedule_update_billing_period_request" 
	 labels: "original_name:request operation:post_tasks_scheduled_schedule_update_billing_period operationTag:ScheduledTasks" 
	 registrationID: "scope:operations operationTag:ScheduledTasks operation:post_/tasks/scheduled/schedule-update-billing-period requestResponse:request originalName:RequestBody"
DEBUG	

--- Renaming 13 types with name "order" ---
DEBUG	discriminated: Renamed to "types.AddonFilter_order" 
	 labels: "original_name:order scope:shared data_type:enum refName:types.AddonFilter" 
	 registrationID: "scope:shared refType:Schemas refName:types.AddonFilter originalName:order"
DEBUG	discriminated: Renamed to "types.AlertLogFilter_order" 
	 labels: "original_name:order scope:shared data_type:enum refName:types.AlertLogFilter" 
	 registrationID: "scope:shared refType:Schemas refName:types.AlertLogFilter originalName:order"
DEBUG	discriminated: Renamed to "types.ConnectionFilter_order" 
	 labels: "original_name:order scope:shared data_type:enum refName:types.ConnectionFilter" 
	 registrationID: "scope:shared refType:Schemas refName:types.ConnectionFilter originalName:order"
DEBUG	discriminated: Renamed to "types.QueryFilter_order" 
	 labels: "original_name:order scope:shared data_type:enum refName:types.QueryFilter" 
	 registrationID: "scope:shared refType:Schemas refName:types.QueryFilter originalName:order"
DEBUG	discriminated: Renamed to "types.CustomerFilter_order" 
	 labels: "original_name:order scope:shared data_type:enum refName:types.CustomerFilter" 
	 registrationID: "scope:shared refType:Schemas refName:types.CustomerFilter originalName:order"
DEBUG	discriminated: Renamed to "types.EntitlementFilter_order" 
	 labels: "original_name:order scope:shared data_type:enum refName:types.EntitlementFilter" 
	 registrationID: "scope:shared refType:Schemas refName:types.EntitlementFilter originalName:order"
DEBUG	discriminated: Renamed to "types.FeatureFilter_order" 
	 labels: "original_name:order scope:shared data_type:enum refName:types.FeatureFilter" 
	 registrationID: "scope:shared refType:Schemas refName:types.FeatureFilter originalName:order"
DEBUG	discriminated: Renamed to "types.InvoiceFilter_order" 
	 labels: "original_name:order scope:shared data_type:enum refName:types.InvoiceFilter" 
	 registrationID: "scope:shared refType:Schemas refName:types.InvoiceFilter originalName:order"
DEBUG	discriminated: Renamed to "types.PlanFilter_order" 
	 labels: "original_name:order scope:shared data_type:enum refName:types.PlanFilter" 
	 registrationID: "scope:shared refType:Schemas refName:types.PlanFilter originalName:order"
DEBUG	discriminated: Renamed to "types.SubscriptionFilter_order" 
	 labels: "original_name:order scope:shared data_type:enum refName:types.SubscriptionFilter" 
	 registrationID: "scope:shared refType:Schemas refName:types.SubscriptionFilter originalName:order"
DEBUG	discriminated: Renamed to "types.UserFilter_order" 
	 labels: "original_name:order scope:shared data_type:enum refName:types.UserFilter" 
	 registrationID: "scope:shared refType:Schemas refName:types.UserFilter originalName:order"
DEBUG	discriminated: Renamed to "types.WalletFilter_order" 
	 labels: "original_name:order scope:shared data_type:enum refName:types.WalletFilter" 
	 registrationID: "scope:shared refType:Schemas refName:types.WalletFilter originalName:order"
DEBUG	discriminated: Renamed to "types.WalletTransactionFilter_order" 
	 labels: "original_name:order scope:shared data_type:enum refName:types.WalletTransactionFilter" 
	 registrationID: "scope:shared refType:Schemas refName:types.WalletTransactionFilter originalName:order"
DEBUG	

--- Renaming 17 types with name "order" ---
DEBUG	discriminated: Renamed to "get_addons_order" 
	 labels: "original_name:order operation:get_addons operationTag:Addons data_type:enum parameter:queryParam" 
	 registrationID: "scope:operations operationTag:Addons operation:get_/addons parameter:queryParam originalName:order"
DEBUG	discriminated: Renamed to "get_connections_order" 
	 labels: "original_name:order operation:get_connections operationTag:Connections data_type:enum parameter:queryParam" 
	 registrationID: "scope:operations operationTag:Connections operation:get_/connections parameter:queryParam originalName:order"
DEBUG	discriminated: Renamed to "get_coupons_order" 
	 labels: "original_name:order operation:get_coupons operationTag:Coupons data_type:enum parameter:queryParam" 
	 registrationID: "scope:operations operationTag:Coupons operation:get_/coupons parameter:queryParam originalName:order"
DEBUG	discriminated: Renamed to "get_creditgrants_order" 
	 labels: "original_name:order operation:get_creditgrants operationTag:CreditGrants data_type:enum parameter:queryParam" 
	 registrationID: "scope:operations operationTag:CreditGrants operation:get_/creditgrants parameter:queryParam originalName:order"
DEBUG	discriminated: Renamed to "get_creditnotes_order" 
	 labels: "original_name:order operation:get_creditnotes operationTag:Credit Notes data_type:enum parameter:queryParam" 
	 registrationID: "scope:operations operationTag:Credit Notes operation:get_/creditnotes parameter:queryParam originalName:order"
DEBUG	discriminated: Renamed to "get_customers_order" 
	 labels: "original_name:order operation:get_customers operationTag:Customers data_type:enum parameter:queryParam" 
	 registrationID: "scope:operations operationTag:Customers operation:get_/customers parameter:queryParam originalName:order"
DEBUG	discriminated: Renamed to "get_entitlements_order" 
	 labels: "original_name:order operation:get_entitlements operationTag:Entitlements data_type:enum parameter:queryParam" 
	 registrationID: "scope:operations operationTag:Entitlements operation:get_/entitlements parameter:queryParam originalName:order"
DEBUG	discriminated: Renamed to "get_features_order" 
	 labels: "original_name:order operation:get_features operationTag:Features data_type:enum parameter:queryParam" 
	 registrationID: "scope:operations operationTag:Features operation:get_/features parameter:queryParam originalName:order"
DEBUG	discriminated: Renamed to "get_invoices_order" 
	 labels: "original_name:order operation:get_invoices operationTag:Invoices data_type:enum parameter:queryParam" 
	 registrationID: "scope:operations operationTag:Invoices operation:get_/invoices parameter:queryParam originalName:order"
DEBUG	discriminated: Renamed to "get_payments_order" 
	 labels: "original_name:order operation:get_payments operationTag:Payments data_type:enum parameter:queryParam" 
	 registrationID: "scope:operations operationTag:Payments operation:get_/payments parameter:queryParam originalName:order"
DEBUG	discriminated: Renamed to "get_plans_order" 
	 labels: "original_name:order operation:get_plans operationTag:Plans data_type:enum parameter:queryParam" 
	 registrationID: "scope:operations operationTag:Plans operation:get_/plans parameter:queryParam originalName:order"
DEBUG	discriminated: Renamed to "get_prices_order" 
	 labels: "original_name:order operation:get_prices operationTag:Prices data_type:enum parameter:queryParam" 
	 registrationID: "scope:operations operationTag:Prices operation:get_/prices parameter:queryParam originalName:order"
DEBUG	discriminated: Renamed to "get_subscriptions_order" 
	 labels: "original_name:order operation:get_subscriptions operationTag:Subscriptions data_type:enum parameter:queryParam" 
	 registrationID: "scope:operations operationTag:Subscriptions operation:get_/subscriptions parameter:queryParam originalName:order"
DEBUG	discriminated: Renamed to "get_tasks_order" 
	 labels: "original_name:order operation:get_tasks operationTag:Tasks data_type:enum parameter:queryParam" 
	 registrationID: "scope:operations operationTag:Tasks operation:get_/tasks parameter:queryParam originalName:order"
DEBUG	discriminated: Renamed to "get_taxes_rates_order" 
	 labels: "original_name:order operation:get_taxes_rates operationTag:Tax Rates data_type:enum parameter:queryParam" 
	 registrationID: "scope:operations operationTag:Tax Rates operation:get_/taxes/rates parameter:queryParam originalName:order"
DEBUG	discriminated: Renamed to "get_wallets_order" 
	 labels: "original_name:order operation:get_wallets operationTag:Wallets data_type:enum parameter:queryParam" 
	 registrationID: "scope:operations operationTag:Wallets operation:get_/wallets parameter:queryParam originalName:order"
DEBUG	discriminated: Renamed to "get_wallets_id_transactions_order" 
	 labels: "original_name:order operation:get_wallets_id_transactions operationTag:Wallets data_type:enum parameter:queryParam" 
	 registrationID: "scope:operations operationTag:Wallets operation:get_/wallets/{id}/transactions parameter:queryParam originalName:order"
DEBUG	

--- Renaming 18 types with name "status" ---
DEBUG	discriminated: Renamed to "get_addons_status" 
	 labels: "original_name:status operation:get_addons operationTag:Addons data_type:enum parameter:queryParam" 
	 registrationID: "scope:operations operationTag:Addons operation:get_/addons parameter:queryParam originalName:status"
DEBUG	discriminated: Renamed to "get_connections_status" 
	 labels: "original_name:status operation:get_connections operationTag:Connections data_type:enum parameter:queryParam" 
	 registrationID: "scope:operations operationTag:Connections operation:get_/connections parameter:queryParam originalName:status"
DEBUG	discriminated: Renamed to "get_coupons_status" 
	 labels: "original_name:status operation:get_coupons operationTag:Coupons data_type:enum parameter:queryParam" 
	 registrationID: "scope:operations operationTag:Coupons operation:get_/coupons parameter:queryParam originalName:status"
DEBUG	discriminated: Renamed to "get_creditgrants_status" 
	 labels: "original_name:status operation:get_creditgrants operationTag:CreditGrants data_type:enum parameter:queryParam" 
	 registrationID: "scope:operations operationTag:CreditGrants operation:get_/creditgrants parameter:queryParam originalName:status"
DEBUG	discriminated: Renamed to "get_creditnotes_status" 
	 labels: "original_name:status operation:get_creditnotes operationTag:Credit Notes data_type:enum parameter:queryParam" 
	 registrationID: "scope:operations operationTag:Credit Notes operation:get_/creditnotes parameter:queryParam originalName:status"
DEBUG	discriminated: Renamed to "get_customers_status" 
	 labels: "original_name:status operation:get_customers operationTag:Customers data_type:enum parameter:queryParam" 
	 registrationID: "scope:operations operationTag:Customers operation:get_/customers parameter:queryParam originalName:status"
DEBUG	discriminated: Renamed to "get_entitlements_status" 
	 labels: "original_name:status operation:get_entitlements operationTag:Entitlements data_type:enum parameter:queryParam" 
	 registrationID: "scope:operations operationTag:Entitlements operation:get_/entitlements parameter:queryParam originalName:status"
DEBUG	discriminated: Renamed to "get_environments_status" 
	 labels: "original_name:status operation:get_environments operationTag:Environments data_type:enum parameter:queryParam" 
	 registrationID: "scope:operations operationTag:Environments operation:get_/environments parameter:queryParam originalName:status"
DEBUG	discriminated: Renamed to "get_features_status" 
	 labels: "original_name:status operation:get_features operationTag:Features data_type:enum parameter:queryParam" 
	 registrationID: "scope:operations operationTag:Features operation:get_/features parameter:queryParam originalName:status"
DEBUG	discriminated: Renamed to "get_invoices_status" 
	 labels: "original_name:status operation:get_invoices operationTag:Invoices data_type:enum parameter:queryParam" 
	 registrationID: "scope:operations operationTag:Invoices operation:get_/invoices parameter:queryParam originalName:status"
DEBUG	discriminated: Renamed to "get_payments_status" 
	 labels: "original_name:status operation:get_payments operationTag:Payments data_type:enum parameter:queryParam" 
	 registrationID: "scope:operations operationTag:Payments operation:get_/payments parameter:queryParam originalName:status"
DEBUG	discriminated: Renamed to "get_plans_status" 
	 labels: "original_name:status operation:get_plans operationTag:Plans data_type:enum parameter:queryParam" 
	 registrationID: "scope:operations operationTag:Plans operation:get_/plans parameter:queryParam originalName:status"
DEBUG	discriminated: Renamed to "get_prices_status" 
	 labels: "original_name:status operation:get_prices operationTag:Prices data_type:enum parameter:queryParam" 
	 registrationID: "scope:operations operationTag:Prices operation:get_/prices parameter:queryParam originalName:status"
DEBUG	discriminated: Renamed to "get_subscriptions_status" 
	 labels: "original_name:status operation:get_subscriptions operationTag:Subscriptions data_type:enum parameter:queryParam" 
	 registrationID: "scope:operations operationTag:Subscriptions operation:get_/subscriptions parameter:queryParam originalName:status"
DEBUG	discriminated: Renamed to "get_tasks_status" 
	 labels: "original_name:status operation:get_tasks operationTag:Tasks data_type:enum parameter:queryParam" 
	 registrationID: "scope:operations operationTag:Tasks operation:get_/tasks parameter:queryParam originalName:status"
DEBUG	discriminated: Renamed to "get_taxes_rates_status" 
	 labels: "original_name:status operation:get_taxes_rates operationTag:Tax Rates data_type:enum parameter:queryParam" 
	 registrationID: "scope:operations operationTag:Tax Rates operation:get_/taxes/rates parameter:queryParam originalName:status"
DEBUG	discriminated: Renamed to "get_wallets_status" 
	 labels: "original_name:status operation:get_wallets operationTag:Wallets data_type:enum parameter:queryParam" 
	 registrationID: "scope:operations operationTag:Wallets operation:get_/wallets parameter:queryParam originalName:status"
DEBUG	discriminated: Renamed to "get_wallets_id_transactions_status" 
	 labels: "original_name:status operation:get_wallets_id_transactions operationTag:Wallets data_type:enum parameter:queryParam" 
	 registrationID: "scope:operations operationTag:Wallets operation:get_/wallets/{id}/transactions parameter:queryParam originalName:status"
DEBUG	

--- Renaming 2 types with name "scope" ---
DEBUG	discriminated: Renamed to "get_creditgrants_scope" 
	 labels: "original_name:scope operation:get_creditgrants operationTag:CreditGrants data_type:enum parameter:queryParam" 
	 registrationID: "scope:operations operationTag:CreditGrants operation:get_/creditgrants parameter:queryParam originalName:scope"
DEBUG	discriminated: Renamed to "get_taxes_rates_scope" 
	 labels: "original_name:scope operation:get_taxes_rates operationTag:Tax Rates data_type:enum parameter:queryParam" 
	 registrationID: "scope:operations operationTag:Tax Rates operation:get_/taxes/rates parameter:queryParam originalName:scope"
DEBUG	

--- Renaming 3 types with name "entity_type" ---
DEBUG	discriminated: Renamed to "get_entitlements_entity_type" 
	 labels: "original_name:entity_type operation:get_entitlements operationTag:Entitlements data_type:enum parameter:queryParam" 
	 registrationID: "scope:operations operationTag:Entitlements operation:get_/entitlements parameter:queryParam originalName:entity_type"
DEBUG	discriminated: Renamed to "get_prices_entity_type" 
	 labels: "original_name:entity_type operation:get_prices operationTag:Prices data_type:enum parameter:queryParam" 
	 registrationID: "scope:operations operationTag:Prices operation:get_/prices parameter:queryParam originalName:entity_type"
DEBUG	discriminated: Renamed to "get_tasks_entity_type" 
	 labels: "original_name:entity_type operation:get_tasks operationTag:Tasks data_type:enum parameter:queryParam" 
	 registrationID: "scope:operations operationTag:Tasks operation:get_/tasks parameter:queryParam originalName:entity_type"
DEBUG	prepend_op_id: N/A rename "post_tasks_scheduled_schedule_update_billing_period_request" 
	 labels: "original_name:request operation:post_tasks_scheduled_schedule_update_billing_period operationTag:ScheduledTasks" 
	 registrationID: "scope:operations operationTag:ScheduledTasks operation:post_/tasks/scheduled/schedule-update-billing-period requestResponse:request originalName:RequestBody"
DEBUG	

FlexPrice (SDK empty)
Addons (SDK empty)
Get/addonsRequest (addon_ids: array, addon_type: enum, end_time: string ...)
 AddonType (enum: onetime)
 GetAddonsOrder (enum: asc, desc)
 GetAddonsStatus (enum: published, deleted, archived)
DtoListAddonsResponse (items: array, pagination: types.PaginationResponse)
  DtoAddonResponse (created_at: string, created_by: string, description: string ...)
    DtoEntitlementResponse (addon: dto.AddonResponse, created_at: string, created_by: string ...)
       DtoPriceResponse (addon: dto.AddonResponse, amount: string, billing_cadence: types.BillingCadence ...)
         TypesStatus (enum: published, deleted, archived)
         TypesAddonType (enum: onetime)
        TypesBillingCadence (enum: RECURRING, ONETIME)
        TypesBillingModel (enum: FLAT_FEE, PACKAGE, TIERED)
        TypesBillingPeriod (enum: MONTHLY, ANNUAL, WEEKLY ...)
        TypesPriceEntityType (enum: PLAN, SUBSCRIPTION, ADDON ...)
        DtoGroupResponse (created_at: string, entity_ids: array, entity_type: string ...)
        TypesInvoiceCadence (enum: ARREAR, ADVANCE)
        DtoMeterResponse (aggregation: meter.Aggregation, created_at: string, event_name: string ...)
         MeterAggregation (bucket_size: types.WindowSize, field: string, multiplier: string ...)
          TypesWindowSize (enum: MINUTE, 15MIN, 30MIN ...)
          TypesAggregationType (enum: COUNT, SUM, AVG ...)
          MeterFilter (key: string, values: array)
         TypesResetUsage (enum: BILLING_PERIOD, NEVER)
        DtoPlanResponse (created_at: string, created_by: string, credit_grants: array ...)
          DtoCreditGrantResponse (cadence: types.CreditGrantCadence, created_at: string, created_by: string ...)
           TypesCreditGrantCadence (enum: ONETIME, RECURRING)
           TypesCreditGrantExpiryDurationUnit (enum: DAY, WEEK, MONTH ...)
           TypesCreditGrantExpiryType (enum: NEVER, DURATION, BILLING_CYCLE)
           TypesCreditGrantPeriod (enum: DAILY, WEEKLY, MONTHLY ...)
           TypesCreditGrantScope (enum: PLAN, SUBSCRIPTION)
           TypesEntitlementEntityType (enum: PLAN, SUBSCRIPTION, ADDON)
           DtoFeatureResponse (alert_settings: types.AlertSettings, created_at: string, created_by: string ...)
            TypesAlertSettings (alert_enabled: boolean, critical: types.AlertThreshold, info: types.AlertThreshold ...)
             TypesAlertThreshold (condition: types.AlertCondition, threshold: number)
              TypesAlertCondition (enum: above, below)
            TypesFeatureType (enum: metered, boolean, static)
               PricePriceTier (flat_amount: string, unit_amount: string, up_to: integer)
              TypesPriceUnitType (enum: FIAT, CUSTOM)
              DtoPriceUnitResponse (base_currency: string, code: string, conversion_rate: string ...)
              TypesBillingTier (enum: VOLUME, SLAB)
              PriceJsonbTransformQuantity (divide_by: integer, round: types.RoundType)
               TypesRoundType (enum: up, down)
              TypesPriceType (enum: USAGE, FIXED)
           TypesEntitlementUsageResetPeriod (enum: MONTHLY, ANNUAL, WEEKLY ...)
 TypesPaginationResponse (limit: integer, offset: integer, total: integer)
ErrorsErrorResponse (error)
 ErrorsErrorDetail (internal_error: string, message: string)
Security (ApiKeyAuth: string)
DtoCreateAddonRequest (description: string, lookup_key: string, metadata: map ...)
DtoCreateAddonResponse (created_at: string, created_by: string, description: string ...)
Get/addons/lookup/{lookupKey}Request (lookup_key: string)
TypesAddonFilter (addon_ids: array, addon_type: types.AddonType, end_time: string ...)
  TypesFilterCondition (data_type: types.DataType, field: string, operator: types.FilterOperatorType ...)
   TypesDataType (enum: string, number, date ...)
   TypesFilterOperatorType (enum: eq, contains, gt ...)
   GithubComFlexpriceFlexpriceInternalTypesValue (array: array, boolean: boolean, date: string ...)
 TypesAddonFilterOrder (enum: asc, desc)
  TypesSortCondition (direction: types.SortDirection, field: string)
   TypesSortDirection (enum: asc, desc)
Get/addons/{id}Request (id: string)
Put/addons/{id}Request (id: string, body: dto.UpdateAddonRequest)
 DtoUpdateAddonRequest (description: string, metadata: map, name: string)
Delete/addons/{id}Request (id: string)
DtoSuccessResponse (message: string)
Entitlements (SDK empty)
Get/addons/{id}/entitlementsRequest (id: string)
DtoListEntitlementsResponse (items: array, pagination: types.PaginationResponse)
Get/entitlementsRequest (end_time: string, entity_ids: array, entity_type: enum ...)
 GetEntitlementsEntityType (enum: PLAN, SUBSCRIPTION, ADDON)
 FeatureType (enum: metered, boolean, static)
 GetEntitlementsOrder (enum: asc, desc)
 GetEntitlementsStatus (enum: published, deleted, archived)
DtoCreateEntitlementRequest (end_date: string, entity_id: string, entity_type: types.EntitlementEntityType ...)
DtoCreateBulkEntitlementRequest (items: array)
DtoCreateBulkEntitlementResponse (items: array)
TypesEntitlementFilter (end_time: string, entity_ids: array, entity_type: types.EntitlementEntityType ...)
 TypesEntitlementFilterOrder (enum: asc, desc)
Get/entitlements/{id}Request (id: string)
Put/entitlements/{id}Request (id: string, body: dto.UpdateEntitlementRequest)
 DtoUpdateEntitlementRequest (is_enabled: boolean, is_soft_limit: boolean, static_value: string ...)
Delete/entitlements/{id}Request (id: string)
Get/plans/{id}/entitlementsRequest (id: string)
AlertLogs (SDK empty)
TypesAlertLogFilter (alert_status: types.AlertState, alert_type: types.AlertType, customer_id: string ...)
 TypesAlertState (enum: ok, info, warning ...)
 TypesAlertType (enum: low_ongoing_balance, low_credit_balance, feature_wallet_balance)
 TypesAlertEntityType (enum: wallet, feature)
 TypesAlertLogFilterOrder (enum: asc, desc)
DtoListAlertLogsResponse (items: array, pagination: types.PaginationResponse)
  DtoAlertLogResponse (alert_info: types.AlertInfo, alert_status: types.AlertState, alert_type: types.AlertType ...)
   TypesAlertInfo (alert_settings: types.AlertSettings, timestamp: string, value_at_time: number)
   DtoCustomerResponse (address_city: string, address_country: string, address_line1: string ...)
   DtoWalletResponse (alert_config: types.AlertConfig, alert_enabled: boolean, alert_state: string ...)
    TypesAlertConfig (threshold: types.WalletAlertThreshold)
     TypesWalletAlertThreshold (type: types.AlertThresholdType, value: number)
      TypesAlertThresholdType (enum: amount)
    TypesAutoTopup (amount: number, enabled: boolean, invoicing: boolean ...)
    TypesWalletConfig (allowed_price_types: array)
      TypesWalletConfigPriceType (enum: ALL, USAGE, FIXED)
    TypesWalletStatus (enum: active, frozen, closed)
    TypesWalletType (enum: PROMOTIONAL, PRE_PAID)
Auth (SDK empty)
DtoLoginRequest (email: string, password: string, token: string)
DtoAuthResponse (tenant_id: string, token: string, user_id: string)
DtoSignUpRequest (email: string, password: string, tenant_name: string ...)
Connections (SDK empty)
Get/connectionsRequest (connection_ids: array, end_time: string, expand: string ...)
 GetConnectionsOrder (enum: asc, desc)
 ProviderType (enum: flexprice, stripe, s3 ...)
 GetConnectionsStatus (enum: published, deleted, archived)
DtoListConnectionsResponse (connections: array, limit: integer, offset: integer ...)
  DtoConnectionResponse (created_at: string, created_by: string, environment_id: string ...)
   TypesSecretProvider (enum: flexprice, stripe, s3 ...)
   TypesSyncConfig (deal: types.EntitySyncConfig, invoice: types.EntitySyncConfig, payment: types.EntitySyncConfig ...)
    TypesEntitySyncConfig (inbound: boolean, outbound: boolean)
TypesConnectionFilter (connection_ids: array, end_time: string, expand: string ...)
 TypesConnectionFilterOrder (enum: asc, desc)
Get/connections/{id}Request (id: string)
Put/connections/{id}Request (id: string, body: dto.UpdateConnectionRequest)
 DtoUpdateConnectionRequest (encrypted_secret_data: types.ConnectionMetadata, metadata: map, name: string ...)
  TypesConnectionMetadata (chargebee: types.ChargebeeConnectionMetadata, generic: types.GenericConnectionMetadata, hubspot: types.HubSpotConnectionMetadata ...)
   TypesChargebeeConnectionMetadata (api_key: string, site: string, webhook_password: string ...)
   TypesGenericConnectionMetadata (data: map)
   TypesHubSpotConnectionMetadata (access_token: string, app_id: string, client_secret: string)
   TypesNomodConnectionMetadata (api_key: string, webhook_secret: string)
   TypesQuickBooksConnectionMetadata (access_token: string, auth_code: string, client_id: string ...)
   TypesRazorpayConnectionMetadata (key_id: string, secret_key: string, webhook_secret: string)
   TypesS3ConnectionMetadata (aws_access_key_id: string, aws_secret_access_key: string, aws_session_token: string)
   TypesConnectionSettings (invoice_sync_enable: boolean)
   TypesStripeConnectionMetadata (account_id: string, publishable_key: string, secret_key: string ...)
Delete/connections/{id}Request (id: string)
Costs (SDK empty)
DtoCreateCostsheetRequest (description: string, lookup_key: string, metadata: map ...)
DtoCreateCostsheetResponse (costsheet: dto.CostsheetResponse)
 DtoCostsheetResponse (created_at: string, created_by: string, description: string ...)
DtoGetCostAnalyticsRequest (end_time: string, expand: array, external_customer_id: string ...)
DtoGetDetailedCostAnalyticsResponse (cost_analytics: array, currency: string, end_time: string ...)
  DtoCostAnalyticItem (cost_by_period: array, costsheet_id: string, currency: string ...)
    DtoCostPoint (cost: string, event_count: integer, quantity: string ...)
   MeterMeter (aggregation: meter.Aggregation, created_at: string, created_by: string ...)
   PricePrice (amount: string, billing_cadence: types.BillingCadence, billing_model: types.BillingModel ...)
CostsheetFilter (costsheetIDs: array, environmentID: string, filters: array ...)
 TypesQueryFilter (expand: string, limit: integer, offset: integer ...)
  TypesQueryFilterOrder (enum: asc, desc)
 TypesTimeRangeFilter (end_time: string, start_time: string)
DtoListCostsheetResponse (items: array, pagination: types.PaginationResponse)
Get/costs/{id}Request (id: string, expand: string)
DtoGetCostsheetResponse (costsheet: dto.CostsheetResponse)
Put/costs/{id}Request (id: string, body: dto.UpdateCostsheetRequest)
 DtoUpdateCostsheetRequest (description: string, lookup_key: string, metadata: map ...)
DtoUpdateCostsheetResponse (costsheet: dto.CostsheetResponse)
Delete/costs/{id}Request (id: string)
DtoDeleteCostsheetResponse (id: string, message: string)
Coupons (SDK empty)
Get/couponsRequest (coupon_ids: array, expand: string, limit: integer ...)
 GetCouponsOrder (enum: asc, desc)
 GetCouponsStatus (enum: published, deleted, archived)
DtoListCouponsResponse (items: array, pagination: types.PaginationResponse)
  DtoCouponResponse (amount_off: string, cadence: types.CouponCadence, created_at: string ...)
   TypesCouponCadence (enum: once, repeated, forever)
   TypesCouponType (enum: fixed, percentage)
DtoCreateCouponRequest (amount_off: string, cadence: types.CouponCadence, currency: string ...)
Get/coupons/{id}Request (id: string)
Put/coupons/{id}Request (id: string, body: dto.UpdateCouponRequest)
 DtoUpdateCouponRequest (metadata: map, name: string)
Delete/coupons/{id}Request (id: string)
CreditGrants (SDK empty)
Get/creditgrantsRequest (end_time: string, expand: string, limit: integer ...)
 GetCreditgrantsOrder (enum: asc, desc)
 GetCreditgrantsScope (enum: PLAN, SUBSCRIPTION)
 GetCreditgrantsStatus (enum: published, deleted, archived)
DtoListCreditGrantsResponse (items: array, pagination: types.PaginationResponse)
DtoCreateCreditGrantRequest (cadence: types.CreditGrantCadence, credits: string, expiration_duration: integer ...)
Get/creditgrants/{id}Request (id: string)
Put/creditgrants/{id}Request (id: string, body: dto.UpdateCreditGrantRequest)
 DtoUpdateCreditGrantRequest (metadata: map, name: string)
Delete/creditgrants/{id}Request (id: string)
Get/plans/{id}/creditgrantsRequest (id: string)
CreditNotes (SDK empty)
Get/creditnotesRequest (credit_note_ids: array, credit_note_status: array, credit_note_type: enum ...)
  CreditNoteStatus (enum: DRAFT, FINALIZED, VOIDED)
 CreditNoteType (enum: ADJUSTMENT, REFUND)
 GetCreditnotesOrder (enum: asc, desc)
 GetCreditnotesStatus (enum: published, deleted, archived)
DtoListCreditNotesResponse (items: array, pagination: types.PaginationResponse)
  DtoCreditNoteResponse (created_at: string, created_by: string, credit_note_number: string ...)
   TypesCreditNoteStatus (enum: DRAFT, FINALIZED, VOIDED)
   TypesCreditNoteType (enum: ADJUSTMENT, REFUND)
   GithubComFlexpriceFlexpriceInternalDomainCustomerCustomer (address_city: string, address_country: string, address_line1: string ...)
   DtoInvoiceResponse (amount_due: string, amount_paid: string, amount_remaining: string ...)
     DtoCouponApplicationResponse (applied_at: string, coupon_association_id: string, coupon_id: string ...)
    TypesInvoiceStatus (enum: DRAFT, FINALIZED, VOIDED)
    TypesInvoiceType (enum: SUBSCRIPTION, ONE_OFF, CREDIT)
     DtoInvoiceLineItemResponse (amount: string, commitment_info: types.CommitmentInfo, created_at: string ...)
      TypesCommitmentInfo (amount: string, computed_commitment_utilized_amount: string, computed_overage_amount: string ...)
       TypesCommitmentType (enum: amount, quantity)
       DtoSourceUsageItem (cost: string, event_count: integer, percentage: string ...)
       DtoUsageBreakdownItem (cost: string, event_count: integer, grouped_by: map ...)
    TypesPaymentStatus (enum: INITIATED, PENDING, PROCESSING ...)
    DtoSubscriptionResponse (active_pause_id: string, billing_anchor: string, billing_cadence: types.BillingCadence ...)
     TypesBillingCycle (enum: anniversary, calendar)
      DtoCouponAssociationResponse (coupon: github_com_flexprice_flexprice_internal_domain_coupon.Coupon, coupon_id: string, created_at: string ...)
       GithubComFlexpriceFlexpriceInternalDomainCouponCoupon (amount_off: string, cadence: types.CouponCadence, created_at: string ...)
       DtoTaxAppliedResponse (applied_at: string, created_at: string, created_by: string ...)
        TypesTaxRateEntityType (enum: customer, subscription, invoice ...)
        DtoTaxRateResponse (code: string, created_at: string, created_by: string ...)
         TypesTaxRateScope (enum: INTERNAL, EXTERNAL, ONETIME)
         TypesTaxRateStatus (enum: ACTIVE, INACTIVE)
         TypesTaxRateType (enum: percentage, fixed)
      SubscriptionSubscriptionLineItem (billing_period: types.BillingPeriod, commitment_amount: number, commitment_overage_factor: number ...)
       TypesSubscriptionLineItemEntityType (enum: plan, addon)
     TypesPauseStatus (enum: none, active, scheduled ...)
      SubscriptionSubscriptionPause (created_at: string, created_by: string, environment_id: string ...)
       TypesPauseMode (enum: immediate, scheduled, period_end)
       TypesResumeMode (enum: immediate, scheduled, auto)
      DtoSubscriptionPhaseResponse (created_at: string, created_by: string, end_date: string ...)
     TypesProrationBehavior (enum: create_prorations, none)
     TypesSubscriptionStatus (enum: active, paused, cancelled ...)
    CreditnoteCreditNoteLineItem (amount: string, created_at: string, created_by: string ...)
   TypesCreditNoteReason (enum: DUPLICATE, FRAUDULENT, ORDER_CHANGE ...)
DtoCreateCreditNoteRequest (credit_note_number: string, idempotency_key: string, invoice_id: string ...)
  DtoCreateCreditNoteLineItemRequest (amount: string, display_name: string, invoice_line_item_id: string ...)
Get/creditnotes/{id}Request (id: string)
Post/creditnotes/{id}/finalizeRequest (id: string)
Post/creditnotes/{id}/voidRequest (id: string)
Customers (SDK empty)
Get/customersRequest (customer_ids: array, email: string, end_time: string ...)
 GetCustomersOrder (enum: asc, desc)
 GetCustomersStatus (enum: published, deleted, archived)
DtoListCustomersResponse (items: array, pagination: types.PaginationResponse)
DtoCreateCustomerRequest (address_city: string, address_country: string, address_line1: string ...)
  DtoIntegrationEntityMapping (id: string, provider: enum)
   Provider (enum: stripe, razorpay, paypal)
  DtoTaxRateOverride (auto_apply: boolean, currency: string, metadata: map ...)
Get/customers/external/{externalId}Request (external_id: string)
TypesCustomerFilter (customer_ids: array, email: string, end_time: string ...)
 TypesCustomerFilterOrder (enum: asc, desc)
Get/customers/usageRequest (customer_id: string, customer_lookup_key: string, feature_ids: array ...)
DtoCustomerUsageSummaryResponse (customer_id: string, features: array, pagination: types.PaginationResponse ...)
  DtoFeatureUsageSummary (current_usage: string, feature: dto.FeatureResponse, is_enabled: boolean ...)
    DtoEntitlementSource (entitlement_id: string, entity_id: string, entity_name: string ...)
     DtoEntitlementSourceEntityType (enum: plan, addon, subscription)
 DtoBillingPeriodInfo (end_time: string, period: string, start_time: string)
Get/customers/{id}Request (id: string)
Put/customers/{id}Request (id: string, body: dto.UpdateCustomerRequest)
 DtoUpdateCustomerRequest (address_city: string, address_country: string, address_line1: string ...)
Delete/customers/{id}Request (id: string)
Get/customers/{id}/entitlementsRequest (id: string, feature_ids: array, subscription_ids: array)
DtoCustomerEntitlementsResponse (customer_id: string, features: array)
  DtoAggregatedFeature (entitlement: dto.AggregatedEntitlement, feature: dto.FeatureResponse, sources: array)
   DtoAggregatedEntitlement (is_enabled: boolean, is_soft_limit: boolean, static_values: array ...)
Get/customers/{id}/grants/upcomingRequest (id: string)
DtoListCreditGrantApplicationsResponse (items: array, pagination: types.PaginationResponse)
  DtoCreditGrantApplicationResponse (application_reason: types.CreditGrantApplicationReason, application_status: types.ApplicationStatus, applied_at: string ...)
   TypesCreditGrantApplicationReason (enum: first_time_recurring_credit_grant, recurring_credit_grant, onetime_credit_grant)
   TypesApplicationStatus (enum: applied, failed, pending ...)
Wallets (SDK empty)
Get/customers/walletsRequest (id: string, include_real_time_balance: boolean, lookup_key: string)
Get/customers/{id}/walletsRequest (id: string)
Get/walletsRequest (alert_enabled: boolean, expand: string, limit: integer ...)
 GetWalletsOrder (enum: asc, desc)
 GetWalletsStatus (enum: active, frozen, closed)
TypesListResponseDtoWalletResponse (items: array, pagination: types.PaginationResponse)
DtoCreateWalletRequest (alert_config: dto.AlertConfig, alert_enabled: boolean, auto_topup: types.AutoTopup ...)
 DtoAlertConfig (threshold: dto.Threshold)
  DtoThreshold (type: string, value: string)
TypesWalletFilter (alert_enabled: boolean, expand: string, limit: integer ...)
 TypesWalletFilterOrder (enum: asc, desc)
Post/wallets/transactions/searchRequest (expand: string, body: types.WalletTransactionFilter)
 TypesWalletTransactionFilter (created_by: string, credits_available_gt: number, end_time: string ...)
  TypesWalletTransactionFilterOrder (enum: asc, desc)
  TypesTransactionReason (enum: INVOICE_PAYMENT, FREE_CREDIT_GRANT, SUBSCRIPTION_CREDIT_GRANT ...)
  TypesTransactionStatus (enum: pending, completed, failed)
  TypesTransactionType (enum: credit, debit)
DtoListWalletTransactionsResponse (items: array, pagination: types.PaginationResponse)
  DtoWalletTransactionResponse (amount: string, created_at: string, created_by: string ...)
   DtoUserResponse (email: string, id: string, roles: array ...)
    DtoTenantResponse (billing_details: dto.TenantBillingDetails, created_at: string, id: string ...)
     DtoTenantBillingDetails (address: dto.Address, email: string, help_email: string ...)
      DtoAddress (address_city: string, address_country: string, address_line1: string ...)
    TypesUserType (enum: user, service_account)
   TypesWalletTxReferenceType (enum: PAYMENT, EXTERNAL, REQUEST)
Get/wallets/{id}Request (id: string)
Put/wallets/{id}Request (id: string, body: dto.UpdateWalletRequest)
 DtoUpdateWalletRequest (alert_config: dto.AlertConfig, alert_enabled: boolean, auto_topup: types.AutoTopup ...)
Get/wallets/{id}/balance/realTimeRequest (id: string)
DtoWalletBalanceResponse (alert_config: types.AlertConfig, alert_enabled: boolean, alert_state: string ...)
Post/wallets/{id}/terminateRequest (id: string)
Post/wallets/{id}/topUpRequest (id: string, body: dto.TopUpWalletRequest)
 DtoTopUpWalletRequest (amount: string, credits_to_add: string, description: string ...)
DtoTopUpWalletResponse (invoice_id: string, wallet: dto.WalletResponse, wallet_transaction: dto.WalletTransactionResponse)
Get/wallets/{id}/transactionsRequest (idPathParameter: string, created_by: string, credits_available_gt: number ...)
 GetWalletsIdTransactionsOrder (enum: asc, desc)
 GetWalletsIdTransactionsStatus (enum: published, deleted, archived)
 TransactionReason (enum: INVOICE_PAYMENT, FREE_CREDIT_GRANT, SUBSCRIPTION_CREDIT_GRANT ...)
 TransactionStatus (enum: pending, completed, failed)
 Type (enum: credit, debit)
Invoices (SDK empty)
Get/customers/{id}/invoices/summaryRequest (id: string)
DtoCustomerMultiCurrencyInvoiceSummary (customer_id: string, default_currency: string, summaries: array)
  DtoCustomerInvoiceSummary (currency: string, customer_id: string, overdue_invoice_count: integer ...)
Get/invoicesRequest (amount_due_gt: number, amount_remaining_gt: number, customer_id: string ...)
  InvoiceStatus (enum: DRAFT, FINALIZED, VOIDED)
 InvoiceType (enum: SUBSCRIPTION, ONE_OFF, CREDIT)
 GetInvoicesOrder (enum: asc, desc)
  PaymentStatus (enum: INITIATED, PENDING, PROCESSING ...)
 GetInvoicesStatus (enum: published, deleted, archived)
DtoListInvoicesResponse (items: array, pagination: types.PaginationResponse)
DtoCreateInvoiceRequest (amount_due: string, amount_paid: string, billing_period: string ...)
 TypesInvoiceBillingReason (enum: SUBSCRIPTION_CREATE, SUBSCRIPTION_CYCLE, SUBSCRIPTION_UPDATE ...)
  DtoInvoiceCoupon (coupon_association_id: string, coupon_id: string)
  DtoInvoiceLineItemCoupon (coupon_association_id: string, coupon_id: string, line_item_id: string)
  DtoCreateInvoiceLineItemRequest (amount: string, commitment_info: types.CommitmentInfo, display_name: string ...)
DtoGetPreviewInvoiceRequest (period_end: string, period_start: string, subscription_id: string)
TypesInvoiceFilter (amount_due_gt: number, amount_remaining_gt: number, customer_id: string ...)
 TypesInvoiceFilterOrder (enum: asc, desc)
Get/invoices/{id}Request (id: string, expand_by_source: boolean, group_by: array)
Put/invoices/{id}Request (id: string, body: dto.UpdateInvoiceRequest)
 DtoUpdateInvoiceRequest (due_date: string, invoice_pdf_url: string, metadata: map)
Post/invoices/{id}/comms/triggerRequest (id: string)
Post/invoices/{id}/finalizeRequest (id: string)
Put/invoices/{id}/paymentRequest (id: string, body: dto.UpdatePaymentStatusRequest)
 DtoUpdatePaymentStatusRequest (amount: string, payment_status: types.PaymentStatus)
Post/invoices/{id}/payment/attemptRequest (id: string)
Get/invoices/{id}/pdfRequest (id: string, url: boolean)
Post/invoices/{id}/recalculateRequest (id: string, finalize: boolean)
Post/invoices/{id}/voidRequest (id: string)
EntityIntegrationMappings (SDK empty)
Get/entityIntegrationMappingsRequest (entity_id: string, entity_type: string, provider_type: string ...)
DtoListEntityIntegrationMappingsResponse (items: array, pagination: types.PaginationResponse)
  DtoEntityIntegrationMappingResponse (created_at: string, created_by: string, entity_id: string ...)
   TypesIntegrationEntityType (enum: customer, plan, invoice ...)
DtoCreateEntityIntegrationMappingRequest (entity_id: string, entity_type: types.IntegrationEntityType, metadata: map ...)
Get/entityIntegrationMappings/{id}Request (id: string)
Delete/entityIntegrationMappings/{id}Request (id: string)
Environments (SDK empty)
Get/environmentsRequest (expand: string, limit: integer, offset: integer ...)
 GetEnvironmentsStatus (enum: published, deleted, archived)
DtoListEnvironmentsResponse (environments: array, limit: integer, offset: integer ...)
  DtoEnvironmentResponse (created_at: string, id: string, name: string ...)
DtoCreateEnvironmentRequest (name: string, type: string)
Get/environments/{id}Request (id: string)
Put/environments/{id}Request (id: string, body: dto.UpdateEnvironmentRequest)
 DtoUpdateEnvironmentRequest (name: string, type: string)
Events (SDK empty)
DtoIngestEventRequest (customer_id: string, event_id: string, event_name: string ...)
DtoGetUsageAnalyticsResponse (currency: string, items: array, total_cost: string)
  DtoUsageAnalyticItem (add_on_id: string, addon: github_com_flexprice_flexprice_internal_domain_addon.Addon, aggregation_type: types.AggregationType ...)
   GithubComFlexpriceFlexpriceInternalDomainAddonAddon (created_at: string, created_by: string, description: string ...)
   GithubComFlexpriceFlexpriceInternalDomainFeatureFeature (alert_settings: types.AlertSettings, created_at: string, created_by: string ...)
   GithubComFlexpriceFlexpriceInternalDomainPlanPlan (created_at: string, created_by: string, description: string ...)
    DtoUsageAnalyticPoint (computed_commitment_utilized_amount: string, computed_overage_amount: string, computed_true_up_amount: string ...)
DtoBulkIngestEventRequest (events: array)
DtoGetHuggingFaceBillingDataResponse (requests: array)
  DtoEventCostInfo (costNanoUsd: string, requestId: string)
Get/events/monitoringRequest (window_size: string)
DtoGetMonitoringDataResponse (consumption_lag: integer, points: array, post_processing_lag: integer ...)
  DtoEventCountPoint (event_count: integer, timestamp: string)
DtoGetEventsResponse (events: array, has_more: boolean, iter_first_key: string ...)
  DtoEvent (customer_id: string, environment_id: string, event_name: string ...)
DtoGetUsageResponse (event_name: string, results: array, type: types.AggregationType ...)
  DtoUsageResult (value: number, window_size: string)
Features (SDK empty)
Get/featuresRequest (end_time: string, expand: string, feature_ids: array ...)
 GetFeaturesOrder (enum: asc, desc)
 GetFeaturesStatus (enum: published, deleted, archived)
DtoListFeaturesResponse (items: array, pagination: types.PaginationResponse)
DtoCreateFeatureRequest (alert_settings: types.AlertSettings, description: string, lookup_key: string ...)
 DtoCreateMeterRequest (aggregation: meter.Aggregation, event_name: string, filters: array ...)
TypesFeatureFilter (end_time: string, expand: string, feature_ids: array ...)
 TypesFeatureFilterOrder (enum: asc, desc)
Get/features/{id}Request (id: string)
Put/features/{id}Request (id: string, body: dto.UpdateFeatureRequest)
 DtoUpdateFeatureRequest (alert_settings: types.AlertSettings, description: string, filters: array ...)
Delete/features/{id}Request (id: string)
Groups (SDK empty)
DtoCreateGroupRequest (entity_type: string, lookup_key: string, name: string)
Post/groups/searchRequest (entity_type: string, name: string, lookup_key: string ...)
DtoListGroupsResponse (items: array, pagination: types.PaginationResponse)
Get/groups/{id}Request (id: string)
Delete/groups/{id}Request (id: string)
Payments (SDK empty)
Get/paymentsRequest (currency: string, destination_id: string, destination_type: string ...)
 GetPaymentsOrder (enum: asc, desc)
 GetPaymentsStatus (enum: published, deleted, archived)
DtoListPaymentsResponse (items: array, pagination: types.PaginationResponse)
  DtoPaymentResponse (amount: string, attempts: array, created_at: string ...)
    DtoPaymentAttemptResponse (attempt_number: integer, created_at: string, created_by: string ...)
   TypesPaymentDestinationType (enum: INVOICE)
   TypesPaymentMethodType (enum: CARD, ACH, OFFLINE ...)
DtoCreatePaymentRequest (amount: string, cancel_url: string, currency: string ...)
 TypesPaymentGatewayType (enum: stripe, razorpay, nomod)
Get/payments/{id}Request (id: string)
Put/payments/{id}Request (id: string, body: dto.UpdatePaymentRequest)
 DtoUpdatePaymentRequest (error_message: string, failed_at: string, gateway_payment_id: string ...)
Delete/payments/{id}Request (id: string)
Post/payments/{id}/processRequest (id: string)
Plans (SDK empty)
Get/plansRequest (end_time: string, expand: string, limit: integer ...)
 GetPlansOrder (enum: asc, desc)
 GetPlansStatus (enum: published, deleted, archived)
DtoListPlansResponse (items: array, pagination: types.PaginationResponse)
DtoCreatePlanRequest (description: string, display_order: integer, lookup_key: string ...)
TypesPlanFilter (end_time: string, expand: string, filters: array ...)
 TypesPlanFilterOrder (enum: asc, desc)
Get/plans/{id}Request (id: string)
Put/plans/{id}Request (id: string, body: dto.UpdatePlanRequest)
 DtoUpdatePlanRequest (description: string, display_order: integer, lookup_key: string ...)
Delete/plans/{id}Request (id: string)
Post/plans/{id}/sync/subscriptionsRequest (id: string)
ModelsTemporalWorkflowResult (message: string, run_id: string, workflow_id: string)
CustomerPortal (SDK empty)
Get/portal/{externalId}Request (external_id: string)
DtoPortalSessionResponse (expires_at: string, token: string, url: string)
Prices (SDK empty)
Get/pricesRequest (allow_expired_prices: boolean, end_time: string, entity_ids: array ...)
 GetPricesEntityType (enum: PLAN, SUBSCRIPTION, ADDON ...)
 GetPricesOrder (enum: asc, desc)
 GetPricesStatus (enum: published, deleted, archived)
DtoListPricesResponse (items: array, pagination: types.PaginationResponse)
DtoCreatePriceRequest (amount: string, billing_cadence: types.BillingCadence, billing_model: types.BillingModel ...)
 DtoPriceUnitConfig (amount: string, price_unit: string, price_unit_tiers: array)
   DtoCreatePriceTier (flat_amount: string, unit_amount: string, up_to: integer)
 PriceTransformQuantity (divide_by: integer, round: types.RoundType)
DtoCreateBulkPriceRequest (items: array)
DtoCreateBulkPriceResponse (items: array)
Get/prices/{id}Request (id: string)
Put/prices/{id}Request (id: string, body: dto.UpdatePriceRequest)
 DtoUpdatePriceRequest (amount: string, billing_model: types.BillingModel, description: string ...)
Delete/prices/{id}Request (id: string, body: dto.DeletePriceRequest)
 DtoDeletePriceRequest (end_date: string)
PriceUnits (SDK empty)
Get/prices/unitsRequest (status: string, limit: integer, offset: integer ...)
DtoListPriceUnitsResponse (items: array, pagination: types.PaginationResponse)
DtoCreatePriceUnitRequest (base_currency: string, code: string, conversion_rate: string ...)
DtoCreatePriceUnitResponse (base_currency: string, code: string, conversion_rate: string ...)
Get/prices/units/code/{code}Request (code: string)
TypesFilter (expand: string, limit: integer, offset: integer ...)
Get/prices/units/{id}Request (id: string)
Put/prices/units/{id}Request (id: string, body: dto.UpdatePriceUnitRequest)
 DtoUpdatePriceUnitRequest (metadata: map, name: string)
Delete/prices/units/{id}Request (id: string)
Rbac (SDK empty)
Get/rbac/roles/{id}Request (id: string)
Secrets (SDK empty)
Get/secrets/api/keysRequest (limit: integer, offset: integer, status: string)
DtoListSecretsResponse (items: array, pagination: types.PaginationResponse)
  DtoSecretResponse (created_at: string, display_id: string, expires_at: string ...)
   TypesSecretType (enum: private_key, publishable_key, integration)
DtoCreateApiKeyRequest (expires_at: string, name: string, service_account_id: string ...)
DtoCreateApiKeyResponse (api_key: string, secret: dto.SecretResponse)
Delete/secrets/api/keys/{id}Request (id: string)
Integrations (SDK empty)
Get/secrets/integrations/byProvider/{provider}Request (provider: string)
Post/secrets/integrations/create/{provider}Request (provider: string, body: dto.CreateIntegrationRequest)
 DtoCreateIntegrationRequest (credentials: map, name: string, provider: types.SecretProvider)
DtoLinkedIntegrationsResponse (providers: array)
Delete/secrets/integrations/{id}Request (id: string)
Subscriptions (SDK empty)
Get/subscriptionsRequest (active_at: string, billing_cadence: array, billing_period: array ...)
  BillingCadence (enum: RECURRING, ONETIME)
  BillingPeriod (enum: MONTHLY, ANNUAL, WEEKLY ...)
 GetSubscriptionsOrder (enum: asc, desc)
 GetSubscriptionsStatus (enum: published, deleted, archived)
  SubscriptionStatus (enum: active, paused, cancelled ...)
DtoListSubscriptionsResponse (items: array, pagination: types.PaginationResponse)
DtoCreateSubscriptionRequest (addons: array, billing_cadence: types.BillingCadence, billing_cycle: types.BillingCycle ...)
  DtoAddAddonToSubscriptionRequest (addon_id: string, metadata: map, start_date: string)
 TypesCollectionMethod (enum: charge_automatically, send_invoice)
 TypesInvoiceBilling (enum: invoice_to_parent, invoice_to_self)
  DtoLineItemCommitmentConfig (commitment_amount: number, commitment_quantity: number, commitment_type: types.CommitmentType ...)
  DtoOverrideEntitlementRequest (entitlement_id: string, is_enabled: boolean, static_value: string ...)
  DtoOverrideLineItemRequest (amount: string, billing_model: types.BillingModel, price_id: string ...)
 TypesPaymentBehavior (enum: allow_incomplete, default_incomplete, error_if_incomplete ...)
  DtoSubscriptionPhaseCreateRequest (coupons: array, end_date: string, line_item_coupons: map ...)
DtoAddAddonRequest (addon_id: string, metadata: map, start_date: string ...)
DtoAddonAssociationResponse (addon: dto.AddonResponse, addon_id: string, addon_status: types.AddonStatus ...)
 TypesAddonStatus (enum: active, cancelled, paused)
 TypesAddonAssociationEntityType (enum: subscription, plan, addon)
DtoRemoveAddonRequest (addon_association_id: string, reason: string)
Put/subscriptions/lineitems/{id}Request (id: string, body: dto.UpdateSubscriptionLineItemRequest)
 DtoUpdateSubscriptionLineItemRequest (amount: string, billing_model: types.BillingModel, commitment_amount: number ...)
DtoSubscriptionLineItemResponse (billing_period: types.BillingPeriod, commitment_amount: number, commitment_overage_factor: number ...)
Delete/subscriptions/lineitems/{id}Request (id: string, body: dto.DeleteSubscriptionLineItemRequest)
 DtoDeleteSubscriptionLineItemRequest (effective_from: string)
TypesSubscriptionFilter (active_at: string, billing_cadence: array, billing_period: array ...)
 TypesSubscriptionFilterOrder (enum: asc, desc)
DtoGetUsageBySubscriptionRequest (end_time: string, lifetime_usage: boolean, start_time: string ...)
DtoGetUsageBySubscriptionResponse (amount: number, charges: array, commitment_amount: number ...)
  DtoSubscriptionUsageByMetersResponse (amount: number, currency: string, display_amount: string ...)
Get/subscriptions/{id}Request (id: string)
Post/subscriptions/{id}/activateRequest (id: string, body: dto.ActivateDraftSubscriptionRequest)
 DtoActivateDraftSubscriptionRequest (start_date: string)
Get/subscriptions/{id}/addons/associationsRequest (id: string)
Post/subscriptions/{id}/cancelRequest (id: string, body: dto.CancelSubscriptionRequest)
 DtoCancelSubscriptionRequest (cancellation_type: types.CancellationType, proration_behavior: types.ProrationBehavior, reason: string)
  TypesCancellationType (enum: immediate, end_of_period)
DtoCancelSubscriptionResponse (cancellation_type: types.CancellationType, effective_date: string, message: string ...)
  DtoProrationDetail (charge_amount: string, credit_amount: string, description: string ...)
Post/subscriptions/{id}/change/executeRequest (id: string, body: dto.SubscriptionChangeRequest)
 DtoSubscriptionChangeRequest (billing_cadence: types.BillingCadence, billing_cycle: types.BillingCycle, billing_period: types.BillingPeriod ...)
DtoSubscriptionChangeExecuteResponse (change_type: types.SubscriptionChangeType, credit_grants: array, effective_date: string ...)
 TypesSubscriptionChangeType (enum: upgrade, downgrade, lateral)
 DtoSubscriptionSummary (archived_at: string, billing_anchor: string, created_at: string ...)
 DtoProrationDetails (charge_amount: string, charge_description: string, credit_amount: string ...)
Post/subscriptions/{id}/change/previewRequest (id: string, body: dto.SubscriptionChangeRequest)
DtoSubscriptionChangePreviewResponse (change_type: types.SubscriptionChangeType, current_plan: dto.PlanSummary, effective_date: string ...)
 DtoPlanSummary (description: string, id: string, lookup_key: string ...)
 DtoBillingCycleInfo (billing_anchor: string, billing_cadence: types.BillingCadence, billing_period: types.BillingPeriod ...)
 DtoInvoicePreview (currency: string, due_date: string, line_items: array ...)
   DtoInvoiceLineItemPreview (amount: string, description: string, is_proration: boolean ...)
Get/subscriptions/{id}/entitlementsRequest (id: string, feature_ids: array)
DtoSubscriptionEntitlementsResponse (features: array, plan_id: string, subscription_id: string)
Get/subscriptions/{id}/grants/upcomingRequest (id: string)
Post/subscriptions/{id}/pauseRequest (id: string, body: dto.PauseSubscriptionRequest)
 DtoPauseSubscriptionRequest (dry_run: boolean, metadata: map, pause_days: integer ...)
DtoSubscriptionPauseResponse (created_at: string, created_by: string, environment_id: string ...)
Get/subscriptions/{id}/pausesRequest (id: string)
 DtoListSubscriptionPausesResponse (items: array, total: integer)
Post/subscriptions/{id}/resumeRequest (id: string, body: dto.ResumeSubscriptionRequest)
 DtoResumeSubscriptionRequest (dry_run: boolean, metadata: map, resume_mode: types.ResumeMode)
Tasks (SDK empty)
Get/tasksRequest (created_by: string, end_time: string, entity_type: enum ...)
 GetTasksEntityType (enum: EVENTS, PRICES, CUSTOMERS)
 GetTasksOrder (enum: asc, desc)
 GetTasksStatus (enum: published, deleted, archived)
 TaskStatus (enum: PENDING, PROCESSING, COMPLETED ...)
 TaskType (enum: IMPORT, EXPORT)
DtoListTasksResponse (items: array, pagination: types.PaginationResponse)
  DtoTaskResponse (completed_at: string, created_at: string, created_by: string ...)
   TypesEntityType (enum: EVENTS, PRICES, CUSTOMERS)
   TypesFileType (enum: CSV, JSON)
   TypesTaskStatus (enum: PENDING, PROCESSING, COMPLETED ...)
   TypesTaskType (enum: IMPORT, EXPORT)
DtoCreateTaskRequest (entity_type: types.EntityType, file_name: string, file_type: types.FileType ...)
Get/tasks/resultRequest (workflow_id: string)
Get/tasks/{id}Request (id: string)
Put/tasks/{id}/statusRequest (id: string, body: dto.UpdateTaskStatusRequest)
 DtoUpdateTaskStatusRequest (task_status: types.TaskStatus)
ScheduledTasks (SDK empty)
Get/tasks/scheduledRequest (limit: integer, offset: integer, connection_id: string ...)
DtoListScheduledTasksResponse (items: array, pagination: types.PaginationResponse)
  DtoScheduledTaskResponse (connection_id: string, created_at: string, enabled: boolean ...)
   TypesScheduledTaskEntityType (enum: events, invoice, credit_topups ...)
   TypesScheduledTaskInterval (enum: 15MIN, custom, hourly ...)
   TypesS3JobConfig (bucket: string, compression: types.S3CompressionType, encryption: types.S3EncryptionType ...)
    TypesS3CompressionType (enum: none, gzip)
    TypesS3EncryptionType (enum: AES256, aws:kms, aws:kms:dsse)
DtoCreateScheduledTaskRequest (connection_id: string, enabled: boolean, entity_type: types.ScheduledTaskEntityType ...)
PostTasksScheduledScheduleUpdateBillingPeriodRequest (empty)
PostTasksScheduledScheduleUpdateBillingPeriodResponse (empty)
Get/tasks/scheduled/{id}Request (id: string)
Put/tasks/scheduled/{id}Request (id: string, body: dto.UpdateScheduledTaskRequest)
 DtoUpdateScheduledTaskRequest (enabled: boolean)
Delete/tasks/scheduled/{id}Request (id: string)
Post/tasks/scheduled/{id}/runRequest (id: string, body: dto.TriggerForceRunRequest)
 DtoTriggerForceRunRequest (end_time: string, start_time: string)
DtoTriggerForceRunResponse (end_time: string, message: string, mode: string ...)
TaxAssociations (SDK empty)
Get/taxes/associationsRequest (entity_type: string, entity_id: string, tax_rate_id: string)
DtoListTaxAssociationsResponse (items: array, pagination: types.PaginationResponse)
  DtoTaxAssociationResponse (auto_apply: boolean, created_at: string, created_by: string ...)
DtoCreateTaxAssociationRequest (auto_apply: boolean, currency: string, entity_id: string ...)
Get/taxes/associations/{id}Request (id: string)
Put/taxes/associations/{id}Request (id: string, body: dto.TaxAssociationUpdateRequest)
 DtoTaxAssociationUpdateRequest (auto_apply: boolean, metadata: map, priority: integer)
Delete/taxes/associations/{id}Request (id: string)
TaxRates (SDK empty)
Get/taxes/ratesRequest (end_time: string, expand: string, limit: integer ...)
 GetTaxesRatesOrder (enum: asc, desc)
 GetTaxesRatesScope (enum: INTERNAL, EXTERNAL, ONETIME)
 GetTaxesRatesStatus (enum: published, deleted, archived)
DtoCreateTaxRateRequest (code: string, description: string, fixed_value: string ...)
Get/taxes/rates/{id}Request (id: string)
Put/taxes/rates/{id}Request (id: string, body: dto.UpdateTaxRateRequest)
 DtoUpdateTaxRateRequest (code: string, description: string, metadata: map ...)
Delete/taxes/rates/{id}Request (id: string)
Tenants (SDK empty)
DtoTenantBillingUsage (subscriptions: array, usage: dto.CustomerUsageSummaryResponse)
DtoCreateTenantRequest (billing_details: dto.TenantBillingDetails, name: string)
DtoUpdateTenantRequest (billing_details: dto.TenantBillingDetails, metadata: map, name: string)
Get/tenants/{id}Request (id: string)
Users (SDK empty)
DtoCreateUserRequest (roles: array, type: types.UserType)
TypesUserFilter (end_time: string, expand: string, filters: array ...)
 TypesUserFilterOrder (enum: asc, desc)
DtoListUsersResponse (items: array, pagination: types.PaginationResponse)
Webhooks (SDK empty)
Post/webhooks/chargebee/{tenantId}/{environmentId}Request (tenant_id: string, environment_id: string)
Post/webhooks/hubspot/{tenantId}/{environmentId}Request (tenant_id: string, environment_id: string, X-HubSpot-Signature-v3: string)
Post/webhooks/nomod/{tenantId}/{environmentId}Request (tenant_id: string, environment_id: string, X-API-KEY: string)
Post/webhooks/quickbooks/{tenantId}/{environmentId}Request (tenant_id: string, environment_id: string, intuit-signature: string)
Post/webhooks/razorpay/{tenantId}/{environmentId}Request (tenant_id: string, environment_id: string, X-Razorpay-Signature: string)
Post/webhooks/stripe/{tenantId}/{environmentId}Request (tenant_id: string, environment_id: string, Stripe-Signature: string)

